<?xml version="1.0" encoding="UTF-8"?>
<!-- Generated by org.testng.reporters.JUnitReportReporter -->
<testsuite skipped="0" hostname="TO8K4MZL2-D" name="com.fanniemae.UnitOfMeasureManagement" tests="1" failures="0" timestamp="2020-01-06T14:27:34 IST" time="69.936" errors="0">
  <testcase name="mainFunction" time="69.936" classname="com.fanniemae.UnitOfMeasureManagement"/>
</testsuite> <!-- com.fanniemae.UnitOfMeasureManagement -->
