<?xml version="1.0" encoding="UTF-8"?>
<!-- Generated by org.testng.reporters.JUnitReportReporter -->
<testsuite skipped="0" hostname="TO8K4MZL2-D" name="com.fanniemae.ProfileToHomePageManagement" tests="1" failures="0" timestamp="2020-01-04T12:58:02 IST" time="75.658" errors="0">
  <testcase name="mainFunction" time="75.658" classname="com.fanniemae.ProfileToHomePageManagement"/>
</testsuite> <!-- com.fanniemae.ProfileToHomePageManagement -->
