<?xml version="1.0" encoding="UTF-8"?>
<!-- Generated by org.testng.reporters.JUnitReportReporter -->
<testsuite skipped="0" hostname="TO8K4MZL2-D" name="com.fanniemae.AlertMessageMgnt" tests="1" failures="0" timestamp="2020-01-02T15:32:09 IST" time="69.337" errors="0">
  <testcase name="alertMsgManagement" time="69.337" classname="com.fanniemae.AlertMessageMgnt"/>
</testsuite> <!-- com.fanniemae.AlertMessageMgnt -->
