<?xml version="1.0" encoding="UTF-8"?>
<!-- Generated by org.testng.reporters.JUnitReportReporter -->
<testsuite skipped="0" hostname="TO8K4MZL2-D" name="com.fanniemae.TimeManagement" tests="1" failures="0" timestamp="2020-01-04T12:24:24 IST" time="53.602" errors="0">
  <testcase name="timeManagement" time="53.602" classname="com.fanniemae.TimeManagement"/>
</testsuite> <!-- com.fanniemae.TimeManagement -->
