<?xml version="1.0" encoding="UTF-8"?>
<!-- Generated by org.testng.reporters.JUnitReportReporter -->
<testsuite skipped="0" hostname="TO8K4MZL2-D" name="com.fanniemae.TableManagement" tests="1" failures="0" timestamp="2020-01-10T19:06:21 IST" time="64.532" errors="0">
  <testcase name="tableManagement" time="64.532" classname="com.fanniemae.TableManagement"/>
</testsuite> <!-- com.fanniemae.TableManagement -->
