<?xml version="1.0" encoding="UTF-8"?>
<!-- Generated by org.testng.reporters.JUnitReportReporter -->
<testsuite skipped="0" hostname="TO8K4MZL2-D" name="com.fanniemae.PageAndMenuManagement" tests="1" failures="0" timestamp="2020-01-03T19:21:32 IST" time="109.583" errors="0">
  <testcase name="alertMsgManagement" time="109.583" classname="com.fanniemae.PageAndMenuManagement"/>
</testsuite> <!-- com.fanniemae.PageAndMenuManagement -->
