<?xml version="1.0" encoding="UTF-8"?>
<!-- Generated by org.testng.reporters.JUnitReportReporter -->
<testsuite skipped="0" hostname="TO8K4MZL2-D" name="com.techouts.fanniemae.testcases.RealEstateBrokerSupplierCreationTest" tests="1" failures="0" timestamp="2020-01-18T12:50:00 IST" time="165.721" errors="0">
  <testcase name="createRealEstateBrokerSupplier" time="165.721" classname="com.techouts.fanniemae.testcases.RealEstateBrokerSupplierCreationTest"/>
</testsuite> <!-- com.techouts.fanniemae.testcases.RealEstateBrokerSupplierCreationTest -->
