<?xml version="1.0" encoding="UTF-8"?>
<!-- Generated by org.testng.reporters.JUnitReportReporter -->
<testsuite skipped="0" hostname="TO8K4MZL2-D" name="com.techouts.fanniemae.testcases.CorporateSupplierCreationTest" tests="1" failures="0" timestamp="2020-01-17T17:47:58 IST" time="190.818" errors="0">
  <testcase name="createCorporateSupplier" time="190.818" classname="com.techouts.fanniemae.testcases.CorporateSupplierCreationTest"/>
</testsuite> <!-- com.techouts.fanniemae.testcases.CorporateSupplierCreationTest -->
