<?xml version="1.0" encoding="UTF-8"?>
<!-- Generated by org.testng.reporters.JUnitReportReporter -->
<testsuite skipped="0" hostname="TO8K4MZL2-D" name="com.techouts.fanniemae.testcases.CreateRequisition1" tests="1" failures="0" timestamp="2020-01-16T12:40:09 IST" time="21.499" errors="0">
  <testcase name="createSpecialRequestsRequisitions" time="21.499" classname="com.techouts.fanniemae.testcases.CreateRequisition1"/>
</testsuite> <!-- com.techouts.fanniemae.testcases.CreateRequisition1 -->
