<?xml version="1.0" encoding="UTF-8"?>
<!-- Generated by org.testng.reporters.JUnitReportReporter -->
<testsuite skipped="0" hostname="TO8K4MZL2-D" name="com.fanniemae.CurrencyManagement" tests="1" failures="0" timestamp="2020-01-06T16:42:21 IST" time="50.048" errors="0">
  <testcase name="currencyConversion" time="50.048" classname="com.fanniemae.CurrencyManagement"/>
</testsuite> <!-- com.fanniemae.CurrencyManagement -->
