<?xml version="1.0" encoding="UTF-8"?>
<!-- Generated by org.testng.reporters.JUnitReportReporter -->
<testsuite skipped="0" hostname="TO8K4MZL2-D" name="com.fanniemae.ContentType" tests="1" failures="0" timestamp="2020-01-11T11:32:37 IST" time="85.818" errors="0">
  <testcase name="mainFunction" time="85.818" classname="com.fanniemae.ContentType"/>
</testsuite> <!-- com.fanniemae.ContentType -->
