<?xml version="1.0" encoding="UTF-8"?>
<!-- Generated by org.testng.reporters.JUnitReportReporter -->
<testsuite skipped="0" hostname="TO8K4MZL2-D" name="com.fanniemae.ContentRepository1" tests="1" failures="0" timestamp="2020-01-10T19:54:57 IST" time="81.834" errors="0">
  <testcase name="mainFunction" time="81.834" classname="com.fanniemae.ContentRepository1"/>
</testsuite> <!-- com.fanniemae.ContentRepository1 -->
