<?xml version="1.0" encoding="UTF-8"?>
<!-- Generated by org.testng.reporters.JUnitReportReporter -->
<testsuite skipped="0" hostname="TO8K4MZL2-D" name="com.fanniemae.ReportingIndicatorManagement" tests="1" failures="0" timestamp="2020-01-08T17:19:28 IST" time="51.234" errors="0">
  <testcase name="alertMsgManagement" time="51.234" classname="com.fanniemae.ReportingIndicatorManagement"/>
</testsuite> <!-- com.fanniemae.ReportingIndicatorManagement -->
